TV_beta_1e-3_1e-3_N0_1e+06
TV_beta_1e-3_1e-3_N0_100000
TV_beta_1e-3_1e-3_N0_200000
TV_beta_1e-3_7.5e-4_N0_100000
TV_beta_1e-3_7.5e-4_N0_200000
TV_beta_1e-3_7.5e-4_N0_1e+06
TV_beta_1e-3_5e-4_N0_1e+06
TV_beta_1e-3_5e-4_N0_200000
TV_beta_1e-3_5e-4_N0_100000
TV_beta_1e-3_2.5e-4_N0_100000
TV_beta_1e-3_2.5e-4_N0_200000
TV_beta_1e-3_2.5e-4_N0_1e+06
TV_beta_1e-3_1e-4_N0_1e+06
TV_beta_1e-3_1e-4_N0_200000
TV_beta_1e-3_1e-4_N0_100000
TV_beta_1e-3_7.5e-5_N0_100000
TV_beta_1e-3_7.5e-5_N0_200000
TV_beta_1e-3_7.5e-5_N0_1e+06
TV_beta_7.5e-4_1e-3_N0_100000
TV_beta_7.5e-4_1e-3_N0_1e+06
TV_beta_7.5e-4_1e-3_N0_200000
TV_beta_7.5e-4_7.5e-4_N0_1e+06
TV_beta_7.5e-4_7.5e-4_N0_100000
TV_beta_7.5e-4_7.5e-4_N0_200000
TV_beta_7.5e-4_5e-4_N0_100000
TV_beta_7.5e-4_5e-4_N0_1e+06
TV_beta_7.5e-4_5e-4_N0_200000
TV_beta_7.5e-4_2.5e-4_N0_100000
TV_beta_7.5e-4_2.5e-4_N0_1e+06
TV_beta_7.5e-4_2.5e-4_N0_200000
TV_beta_7.5e-4_1e-4_N0_200000
TV_beta_7.5e-4_1e-4_N0_1e+06
TV_beta_7.5e-4_1e-4_N0_100000
TV_beta_7.5e-4_7.5e-5_N0_200000
TV_beta_7.5e-4_7.5e-5_N0_100000
TV_beta_7.5e-4_7.5e-5_N0_1e+06
TV_beta_5e-4_1e-3_N0_200000
TV_beta_5e-4_1e-3_N0_1e+06
TV_beta_5e-4_1e-3_N0_100000
TV_beta_5e-4_7.5e-4_N0_100000
TV_beta_5e-4_7.5e-4_N0_200000
TV_beta_5e-4_7.5e-4_N0_1e+06
TV_beta_5e-4_5e-4_N0_200000
TV_beta_5e-4_5e-4_N0_100000
TV_beta_5e-4_5e-4_N0_1e+06
TV_beta_5e-4_2.5e-4_N0_200000
TV_beta_5e-4_2.5e-4_N0_100000
TV_beta_5e-4_2.5e-4_N0_1e+06
TV_beta_5e-4_1e-4_N0_100000
TV_beta_5e-4_1e-4_N0_1e+06
TV_beta_5e-4_1e-4_N0_200000
TV_beta_5e-4_7.5e-5_N0_100000
TV_beta_5e-4_7.5e-5_N0_1e+06
TV_beta_5e-4_7.5e-5_N0_200000
TV_beta_2.5e-4_1e-3_N0_1e+06
TV_beta_2.5e-4_1e-3_N0_200000
TV_beta_2.5e-4_1e-3_N0_100000
TV_beta_2.5e-4_7.5e-4_N0_100000
TV_beta_2.5e-4_7.5e-4_N0_200000
TV_beta_2.5e-4_7.5e-4_N0_1e+06
TV_beta_2.5e-4_5e-4_N0_200000
TV_beta_2.5e-4_5e-4_N0_100000
TV_beta_2.5e-4_5e-4_N0_1e+06
TV_beta_2.5e-4_2.5e-4_N0_100000
TV_beta_2.5e-4_2.5e-4_N0_1e+06
TV_beta_2.5e-4_2.5e-4_N0_200000
TV_beta_2.5e-4_1e-4_N0_1e+06
TV_beta_2.5e-4_1e-4_N0_100000
TV_beta_2.5e-4_1e-4_N0_200000
TV_beta_2.5e-4_7.5e-5_N0_200000
TV_beta_2.5e-4_7.5e-5_N0_1e+06
TV_beta_2.5e-4_7.5e-5_N0_100000
TV_beta_1e-4_1e-3_N0_1e+06
TV_beta_1e-4_1e-3_N0_100000
TV_beta_1e-4_1e-3_N0_200000
TV_beta_1e-4_7.5e-4_N0_1e+06
TV_beta_1e-4_7.5e-4_N0_100000
TV_beta_1e-4_7.5e-4_N0_200000
TV_beta_1e-4_5e-4_N0_1e+06
TV_beta_1e-4_5e-4_N0_200000
TV_beta_1e-4_5e-4_N0_100000
TV_beta_1e-4_2.5e-4_N0_1e+06
TV_beta_1e-4_2.5e-4_N0_200000
TV_beta_1e-4_2.5e-4_N0_100000
TV_beta_1e-4_1e-4_N0_100000
TV_beta_1e-4_1e-4_N0_1e+06
TV_beta_1e-4_1e-4_N0_200000
TV_beta_1e-4_7.5e-5_N0_100000
TV_beta_1e-4_7.5e-5_N0_1e+06
TV_beta_1e-4_7.5e-5_N0_200000
